20230726-18:19:57 Train Epoch: 1/70 ...
20230726-18:22:00     total_loss: 25.4549 time: 2m 3s
20230726-18:22:00 Train Epoch: 2/70 ...
20230726-18:24:01     total_loss: 24.3155 time: 2m 1s
20230726-18:24:01 Train Epoch: 3/70 ...
20230726-18:26:02     total_loss: 22.7922 time: 2m 1s
20230726-18:26:02 Train Epoch: 4/70 ...
20230726-18:28:04     total_loss: 21.1904 time: 2m 1s
20230726-18:28:04 Train Epoch: 5/70 ...
20230726-18:30:05     total_loss: 19.5580 time: 2m 1s
20230726-18:30:05 Test Epoch: 5 ...
20230726-18:30:18     ave: 80.2500
20230726-18:30:18 Train Epoch: 6/70 ...
20230726-18:32:19     total_loss: 18.1679 time: 2m 1s
20230726-18:32:19 Train Epoch: 7/70 ...
20230726-18:34:20     total_loss: 17.0411 time: 2m 1s
20230726-18:34:20 Train Epoch: 8/70 ...
20230726-18:36:21     total_loss: 16.1708 time: 2m 1s
20230726-18:36:21 Train Epoch: 9/70 ...
20230726-18:38:23     total_loss: 15.5220 time: 2m 1s
20230726-18:38:23 Train Epoch: 10/70 ...
20230726-18:40:24     total_loss: 15.0215 time: 2m 1s
20230726-18:40:24 Test Epoch: 10 ...
20230726-18:40:37     ave: 87.8167
20230726-18:40:37 Saving checkpoint: 10
20230726-18:40:37 Train Epoch: 11/70 ...
20230726-18:42:39     total_loss: 14.6364 time: 2m 2s
20230726-18:42:39 Train Epoch: 12/70 ...
20230726-18:44:40     total_loss: 14.3195 time: 2m 1s
20230726-18:44:40 Train Epoch: 13/70 ...
20230726-18:46:42     total_loss: 14.0524 time: 2m 1s
20230726-18:46:42 Train Epoch: 14/70 ...
20230726-18:48:43     total_loss: 13.8256 time: 2m 2s
20230726-18:48:43 Train Epoch: 15/70 ...
20230726-18:50:45     total_loss: 13.6302 time: 2m 2s
20230726-18:50:45 Test Epoch: 15 ...
20230726-18:50:59     ave: 91.7500
20230726-18:50:59 Train Epoch: 16/70 ...
20230726-18:53:00     total_loss: 13.4661 time: 2m 1s
20230726-18:53:00 Train Epoch: 17/70 ...
20230726-18:55:01     total_loss: 13.3174 time: 2m 1s
20230726-18:55:01 Train Epoch: 18/70 ...
20230726-18:57:03     total_loss: 13.1833 time: 2m 1s
20230726-18:57:03 Train Epoch: 19/70 ...
20230726-18:59:04     total_loss: 13.0678 time: 2m 2s
20230726-18:59:04 Train Epoch: 20/70 ...
20230726-19:01:06     total_loss: 12.9647 time: 2m 2s
20230726-19:01:06 Test Epoch: 20 ...
20230726-19:01:20     ave: 92.1667
20230726-19:01:20 Saving checkpoint: 20
20230726-19:01:20 Train Epoch: 21/70 ...
20230726-19:03:21     total_loss: 12.8642 time: 2m 1s
20230726-19:03:21 Train Epoch: 22/70 ...
20230726-19:05:23     total_loss: 12.7785 time: 2m 2s
20230726-19:05:23 Train Epoch: 23/70 ...
20230726-19:07:25     total_loss: 12.7051 time: 2m 2s
20230726-19:07:25 Train Epoch: 24/70 ...
20230726-19:09:27     total_loss: 12.6293 time: 2m 2s
20230726-19:09:27 Train Epoch: 25/70 ...
20230726-19:11:29     total_loss: 12.5625 time: 2m 2s
20230726-19:11:29 Test Epoch: 25 ...
20230726-19:11:43     ave: 93.0667
20230726-19:11:43 Train Epoch: 26/70 ...
20230726-19:13:44     total_loss: 12.4964 time: 2m 2s
20230726-19:13:44 Train Epoch: 27/70 ...
20230726-19:15:46     total_loss: 12.4470 time: 2m 2s
20230726-19:15:46 Train Epoch: 28/70 ...
20230726-19:17:47     total_loss: 12.3851 time: 2m 1s
20230726-19:17:47 Train Epoch: 29/70 ...
20230726-19:19:49     total_loss: 12.3353 time: 2m 2s
20230726-19:19:49 Train Epoch: 30/70 ...
20230726-19:21:51     total_loss: 12.2903 time: 2m 2s
20230726-19:21:51 Test Epoch: 30 ...
20230726-19:22:04     ave: 93.4833
20230726-19:22:04 Saving checkpoint: 30
20230726-19:22:04 Train Epoch: 31/70 ...
20230726-19:24:05     total_loss: 12.2453 time: 2m 1s
20230726-19:24:05 Train Epoch: 32/70 ...
20230726-19:26:06     total_loss: 12.2014 time: 2m 1s
20230726-19:26:06 Train Epoch: 33/70 ...
20230726-19:28:07     total_loss: 12.1605 time: 2m 1s
20230726-19:28:07 Train Epoch: 34/70 ...
20230726-19:30:09     total_loss: 12.1238 time: 2m 2s
20230726-19:30:09 Train Epoch: 35/70 ...
20230726-19:32:10     total_loss: 12.0847 time: 2m 1s
20230726-19:32:10 Test Epoch: 35 ...
20230726-19:32:24     ave: 92.6833
20230726-19:32:24 Train Epoch: 36/70 ...
20230726-19:34:26     total_loss: 12.0580 time: 2m 2s
20230726-19:34:26 Train Epoch: 37/70 ...
20230726-19:36:27     total_loss: 12.0254 time: 2m 2s
20230726-19:36:27 Train Epoch: 38/70 ...
20230726-19:38:29     total_loss: 11.9920 time: 2m 2s
20230726-19:38:29 Train Epoch: 39/70 ...
20230726-19:40:31     total_loss: 11.9598 time: 2m 2s
20230726-19:40:31 Train Epoch: 40/70 ...
20230726-19:42:33     total_loss: 11.9343 time: 2m 2s
20230726-19:42:33 Test Epoch: 40 ...
20230726-19:42:47     ave: 94.3833
20230726-19:42:47 Saving checkpoint: 40
20230726-19:42:47 Train Epoch: 41/70 ...
20230726-19:44:48     total_loss: 11.9077 time: 2m 2s
20230726-19:44:48 Train Epoch: 42/70 ...
20230726-19:46:50     total_loss: 11.8860 time: 2m 1s
20230726-19:46:50 Train Epoch: 43/70 ...
20230726-19:48:51     total_loss: 11.8597 time: 2m 2s
20230726-19:48:51 Train Epoch: 44/70 ...
20230726-19:50:53     total_loss: 11.8382 time: 2m 2s
20230726-19:50:53 Train Epoch: 45/70 ...
20230726-19:52:54     total_loss: 11.8146 time: 2m 1s
20230726-19:52:54 Test Epoch: 45 ...
20230726-19:53:08     ave: 94.2167
20230726-19:53:08 Train Epoch: 46/70 ...
20230726-19:55:09     total_loss: 11.7962 time: 2m 1s
20230726-19:55:09 Train Epoch: 47/70 ...
20230726-19:57:11     total_loss: 11.7727 time: 2m 1s
20230726-19:57:11 Train Epoch: 48/70 ...
20230726-19:59:12     total_loss: 11.7593 time: 2m 1s
20230726-19:59:12 Train Epoch: 49/70 ...
20230726-20:01:14     total_loss: 11.7333 time: 2m 2s
20230726-20:01:14 Train Epoch: 50/70 ...
20230726-20:03:15     total_loss: 11.7127 time: 2m 1s
20230726-20:03:15 Test Epoch: 50 ...
20230726-20:03:29     ave: 93.9167
20230726-20:03:29 Saving checkpoint: 50
20230726-20:03:29 Train Epoch: 51/70 ...
20230726-20:05:31     total_loss: 11.6948 time: 2m 2s
20230726-20:05:31 Train Epoch: 52/70 ...
20230726-20:07:33     total_loss: 11.6816 time: 2m 2s
20230726-20:07:33 Train Epoch: 53/70 ...
20230726-20:09:34     total_loss: 11.6642 time: 2m 2s
20230726-20:09:34 Train Epoch: 54/70 ...
20230726-20:11:36     total_loss: 11.6441 time: 2m 1s
20230726-20:11:36 Train Epoch: 55/70 ...
20230726-20:13:37     total_loss: 11.6311 time: 2m 1s
20230726-20:13:37 Test Epoch: 55 ...
20230726-20:13:51     ave: 93.6667
20230726-20:13:51 Train Epoch: 56/70 ...
20230726-20:15:53     total_loss: 11.6152 time: 2m 2s
20230726-20:15:53 Train Epoch: 57/70 ...
20230726-20:17:54     total_loss: 11.6025 time: 2m 1s
20230726-20:17:54 Train Epoch: 58/70 ...
20230726-20:19:56     total_loss: 11.5928 time: 2m 2s
20230726-20:19:56 Train Epoch: 59/70 ...
20230726-20:21:58     total_loss: 11.5739 time: 2m 2s
20230726-20:21:58 Train Epoch: 60/70 ...
20230726-20:23:59     total_loss: 11.5601 time: 2m 2s
20230726-20:23:59 Test Epoch: 60 ...
20230726-20:24:13     ave: 94.2167
20230726-20:24:13 Saving checkpoint: 60
20230726-20:24:13 Train Epoch: 61/70 ...
20230726-20:26:14     total_loss: 11.5477 time: 2m 1s
20230726-20:26:14 Train Epoch: 62/70 ...
20230726-20:28:15     total_loss: 11.5360 time: 2m 1s
20230726-20:28:15 Train Epoch: 63/70 ...
20230726-20:30:16     total_loss: 11.5227 time: 2m 1s
20230726-20:30:16 Train Epoch: 64/70 ...
20230726-20:32:17     total_loss: 11.5156 time: 2m 1s
20230726-20:32:17 Train Epoch: 65/70 ...
20230726-20:34:19     total_loss: 11.5002 time: 2m 2s
20230726-20:34:19 Test Epoch: 65 ...
20230726-20:34:33     ave: 94.3333
20230726-20:34:33 Train Epoch: 66/70 ...
20230726-20:36:35     total_loss: 11.4923 time: 2m 2s
20230726-20:36:35 Train Epoch: 67/70 ...
20230726-20:38:37     total_loss: 11.4779 time: 2m 2s
20230726-20:38:37 Train Epoch: 68/70 ...
20230726-20:40:38     total_loss: 11.4673 time: 2m 2s
20230726-20:40:38 Train Epoch: 69/70 ...
20230726-20:42:40     total_loss: 11.4639 time: 2m 2s
20230726-20:42:40 Train Epoch: 70/70 ...
20230726-20:44:42     total_loss: 11.4457 time: 2m 2s
20230726-20:44:42 Test Epoch: 70 ...
20230726-20:44:56     ave: 94.9167
20230726-20:44:56 Saving checkpoint: 70
